{
  "stats": {
    "suites": 1,
    "tests": 3,
    "passes": 3,
    "pending": 0,
    "failures": 0,
    "start": "2024-03-04T12:55:09.952Z",
    "end": "2024-03-04T12:55:27.248Z",
    "duration": 17296,
    "testsRegistered": 3,
    "passPercent": 100,
    "pendingPercent": 0,
    "other": 0,
    "hasOther": false,
    "skipped": 0,
    "hasSkipped": false
  },
  "results": [
    {
      "uuid": "3d461fa8-9ca0-4508-b53e-09a45e6528b0",
      "title": "",
      "fullFile": "cypress/integration/login.spec.js",
      "file": "cypress/integration/login.spec.js",
      "beforeHooks": [],
      "afterHooks": [],
      "tests": [],
      "suites": [
        {
          "uuid": "745999fd-5587-468e-bc89-a9e6ddb21b4e",
          "title": "Funcionalidade Login",
          "fullFile": "",
          "file": "",
          "beforeHooks": [],
          "afterHooks": [],
          "tests": [
            {
              "title": "Login com sucesso usando Comando customizado",
              "fullTitle": "Funcionalidade Login Login com sucesso usando Comando customizado",
              "timedOut": null,
              "duration": 7546,
              "state": "passed",
              "speed": "slow",
              "pass": true,
              "fail": false,
              "pending": false,
              "context": null,
              "code": "cy.login(dadosLogin.usuario, dadosLogin.senha);\ncy.get('.page-title').should('contain', 'Minha conta');",
              "err": {},
              "uuid": "e7ac0c1c-72dc-4f08-ac91-22dc8bfb1df4",
              "parentUUID": "745999fd-5587-468e-bc89-a9e6ddb21b4e",
              "isHook": false,
              "skipped": false
            },
            {
              "title": "Login usando fixture",
              "fullTitle": "Funcionalidade Login Login usando fixture",
              "timedOut": null,
              "duration": 3995,
              "state": "passed",
              "speed": "slow",
              "pass": true,
              "fail": false,
              "pending": false,
              "context": null,
              "code": "cy.fixture('perfil').then(dados => {\n  cy.login(dados.usuario, dados.senha);\n});\ncy.get('.page-title').should('contain', 'Minha conta');",
              "err": {},
              "uuid": "251e4637-e187-487a-a8b3-44d0887817a0",
              "parentUUID": "745999fd-5587-468e-bc89-a9e6ddb21b4e",
              "isHook": false,
              "skipped": false
            },
            {
              "title": "Deve fazer login com sucesso - sem otimização",
              "fullTitle": "Funcionalidade Login Deve fazer login com sucesso - sem otimização",
              "timedOut": null,
              "duration": 3992,
              "state": "passed",
              "speed": "slow",
              "pass": true,
              "fail": false,
              "pending": false,
              "context": null,
              "code": "cy.get('#username').type(dadosLogin.usuario);\ncy.get('#password').type(dadosLogin.senha, {\n  log: false\n});\ncy.get('.woocommerce-form > .button').click();\ncy.get('.page-title').should('contain', 'Minha conta');\ncy.get('.woocommerce-MyAccount-content > :nth-child(2)').should('contain', 'Olá, aluno_ebac');",
              "err": {},
              "uuid": "f4d21105-9b1a-40c1-9e6a-9508bf78cab8",
              "parentUUID": "745999fd-5587-468e-bc89-a9e6ddb21b4e",
              "isHook": false,
              "skipped": false
            }
          ],
          "suites": [],
          "passes": [
            "e7ac0c1c-72dc-4f08-ac91-22dc8bfb1df4",
            "251e4637-e187-487a-a8b3-44d0887817a0",
            "f4d21105-9b1a-40c1-9e6a-9508bf78cab8"
          ],
          "failures": [],
          "pending": [],
          "skipped": [],
          "duration": 15533,
          "root": false,
          "rootEmpty": false,
          "_timeout": 2000
        }
      ],
      "passes": [],
      "failures": [],
      "pending": [],
      "skipped": [],
      "duration": 0,
      "root": true,
      "rootEmpty": true,
      "_timeout": 2000
    }
  ],
  "meta": {
    "mocha": {
      "version": "7.0.1"
    },
    "mochawesome": {
      "options": {
        "quiet": false,
        "reportFilename": "mochawesome",
        "saveHtml": true,
        "saveJson": true,
        "consoleReporter": "spec",
        "useInlineDiffs": false,
        "code": true
      },
      "version": "7.0.1"
    },
    "marge": {
      "options": null,
      "version": "6.0.1"
    }
  }
}